<?xml version="1.0" encoding="UTF-8"?>
<!-- Generated by org.testng.reporters.JUnitReportReporter -->
<testsuite hostname="LAPTOP-Q8T1KS2C" failures="0" tests="2" name="tests.QAClickAcademyTest" time="33.934" errors="0" timestamp="07 Mar 2021 07:40:37 GMT" skipped="0">
  <testcase classname="tests.QAClickAcademyTest" name="start" time="16.411"/>
  <testcase classname="tests.QAClickAcademyTest" name="start" time="17.523"/>
</testsuite> <!-- tests.QAClickAcademyTest -->
