<?xml version="1.0" encoding="UTF-8"?>
<!-- Generated by org.testng.reporters.JUnitReportReporter -->
<testsuite hostname="LAPTOP-Q8T1KS2C" failures="0" tests="2" name="tests.QAClickAcademyTest" time="105.092" errors="0" timestamp="05 Mar 2021 11:05:19 GMT" skipped="0">
  <testcase classname="tests.QAClickAcademyTest" name="start" time="63.475"/>
  <testcase classname="tests.QAClickAcademyTest" name="start" time="41.617"/>
</testsuite> <!-- tests.QAClickAcademyTest -->
