<?xml version="1.0" encoding="UTF-8"?>
<!-- Generated by org.testng.reporters.JUnitReportReporter -->
<testsuite hostname="LAPTOP-Q8T1KS2C" failures="0" tests="1" name="tests.RediffPageTest" time="4.689" errors="0" timestamp="06 Mar 2021 12:39:10 GMT" skipped="0">
  <testcase classname="tests.RediffPageTest" name="start" time="4.689"/>
</testsuite> <!-- tests.RediffPageTest -->
