<?xml version="1.0" encoding="UTF-8"?>
<!-- Generated by org.testng.reporters.JUnitReportReporter -->
<testsuite hostname="LAPTOP-Q8T1KS2C" failures="0" tests="2" name="tests.HomePage" time="13.318" errors="0" timestamp="07 Mar 2021 10:08:43 GMT" skipped="0">
  <testcase classname="tests.HomePage" name="basePageNavigation" time="7.413"/>
  <testcase classname="tests.HomePage" name="basePageNavigation" time="5.905"/>
</testsuite> <!-- tests.HomePage -->
