<?xml version="1.0" encoding="UTF-8"?>
<!-- Generated by org.testng.reporters.JUnitReportReporter -->
<testsuite hostname="LAPTOP-Q8T1KS2C" failures="0" tests="2" name="tests.HomePageTest" time="19.596" errors="0" timestamp="07 Mar 2021 12:14:47 GMT" skipped="0">
  <testcase classname="tests.HomePageTest" name="basePageNavigation" time="7.729"/>
  <testcase classname="tests.HomePageTest" name="basePageNavigation" time="11.867"/>
</testsuite> <!-- tests.HomePageTest -->
