<?xml version="1.0" encoding="UTF-8"?>
<!-- Generated by org.testng.reporters.JUnitReportReporter -->
<testsuite hostname="LAPTOP-Q8T1KS2C" failures="0" tests="1" name="tests.validateNavigationBarTest" time="0.052" errors="0" timestamp="07 Mar 2021 12:14:47 GMT" skipped="0">
  <testcase classname="tests.validateNavigationBarTest" name="validateAppNavBar" time="0.052"/>
</testsuite> <!-- tests.validateNavigationBarTest -->
