<?xml version="1.0" encoding="UTF-8"?>
<!-- Generated by org.testng.reporters.JUnitReportReporter -->
<testsuite hostname="LAPTOP-Q8T1KS2C" failures="0" tests="1" name="tests.validateNavigationBar" time="0.051" errors="0" timestamp="07 Mar 2021 07:40:37 GMT" skipped="0">
  <testcase classname="tests.validateNavigationBar" name="validateAppNavBar" time="0.051"/>
</testsuite> <!-- tests.validateNavigationBar -->
