<?xml version="1.0" encoding="UTF-8"?>
<!-- Generated by org.testng.reporters.JUnitReportReporter -->
<testsuite hostname="LAPTOP-Q8T1KS2C" failures="0" tests="1" name="tests.RediffPageTest" time="3.897" errors="0" timestamp="07 Mar 2021 12:16:05 GMT" skipped="0">
  <testcase classname="tests.RediffPageTest" name="start" time="3.897"/>
</testsuite> <!-- tests.RediffPageTest -->
