<?xml version="1.0" encoding="UTF-8"?>
<!-- Generated by org.testng.reporters.JUnitReportReporter -->
<testsuite skipped="0" hostname="LAPTOP-Q8T1KS2C" name="tests.RediffPageTest" tests="1" failures="0" timestamp="2021-03-05T19:23:03 IST" time="4.675" errors="0">
  <testcase name="start" time="4.675" classname="tests.RediffPageTest"/>
  <system-out/>
</testsuite> <!-- tests.RediffPageTest -->
